#
# An unexpected error has been detected by Java Runtime Environment:
#
#  Internal Error (os_windows_x86.cpp:117), pid=3468, tid=1668
#  Error: guarantee(result == -1,"Unexpected result from topLevelExceptionFilter")
#
# Java VM: Java HotSpot(TM) 64-Bit Server VM (11.2-b01 mixed mode windows-amd64)
# If you would like to submit a bug report, please visit:
#   http://java.sun.com/webapps/bugreport/crash.jsp
# The crash happened outside the Java Virtual Machine in native code.
# See problematic frame for where to report the bug.
#

---------------  T H R E A D  ---------------

Current thread (0x0000000001636800):  JavaThread "main" [_thread_in_native, id=1668, stack(0x0000000000030000,0x0000000001030000)]

Stack: [0x0000000000030000,0x0000000001030000]
[error occurred during error reporting (printing stack bounds), id 0xc0000005]


[error occurred during error reporting (printing native stack), id 0xc0000005]

Java frames: (J=compiled Java code, j=interpreted, Vv=VM code)
j  com.mathworks.jmi.NativeMatlab.ProcessPendingEvents()Z+0
j  com.mathworks.jmi.NativeMatlab.processPendingEvents()Z+8
j  com.mathworks.jmi.Matlab$ProcessPendingEvents.callBooleanMethod(Ljava/lang/Object;)Z+0
j  com.mathworks.util.FactoryUtils.processPendingEvents()Z+12
j  com.mathworks.mwswing.desk.Desktop.canClose()Z+38
j  com.mathworks.mde.desk.MLDesktop.canClose()Z+113
j  com.mathworks.mde.desk.MLDesktop$2.call()Ljava/lang/Boolean;+4
j  com.mathworks.mde.desk.MLDesktop$2.call()Ljava/lang/Object;+1
j  com.mathworks.jmi.Matlab.isOkToExit()Z+54
v  ~StubRoutines::call_stub
j  com.mathworks.jmi.NativeMatlab.SendMatlabMessage(Ljava/lang/Object;)Ljava/lang/Object;+0
j  com.mathworks.jmi.NativeMatlab.sendMatlabMessage(Ljava/lang/Object;)Ljava/lang/Object;+22
j  com.mathworks.jmi.MatlabLooper.sendMatlabMessage(Lcom/mathworks/services/message/MWMessage;)Ljava/lang/Object;+20
j  com.mathworks.jmi.Matlab.mtFevalConsoleOutput(Ljava/lang/String;[Ljava/lang/Object;I)Ljava/lang/Object;+58
j  com.mathworks.mde.desk.MLDesktop$9.run()V+14
j  com.mathworks.jmi.NativeMatlab.dispatchMTRequests(Z)V+50
v  ~StubRoutines::call_stub

---------------  P R O C E S S  ---------------

Java Threads: ( => current thread )
  0x0000000031a98000 JavaThread "Thread-645" [_thread_blocked, id=3788, stack(0x0000000006b70000,0x0000000006bf0000)]
  0x0000000031a99c00 JavaThread "Thread-643" [_thread_blocked, id=4832, stack(0x0000000006af0000,0x0000000006b70000)]
  0x0000000031a97800 JavaThread "Active Reference Queue Daemon" daemon [_thread_blocked, id=2032, stack(0x00000000353f0000,0x0000000035470000)]
  0x0000000031a95c00 JavaThread "Timer-4" daemon [_thread_blocked, id=1396, stack(0x00000000351f0000,0x0000000035270000)]
  0x0000000031a97400 JavaThread "FelixPackageAdmin" daemon [_thread_blocked, id=2484, stack(0x0000000035370000,0x00000000353f0000)]
  0x0000000031a96c00 JavaThread "FelixStartLevel" daemon [_thread_blocked, id=3708, stack(0x00000000352f0000,0x0000000035370000)]
  0x0000000031a96400 JavaThread "FelixDispatchQueue" daemon [_thread_blocked, id=3772, stack(0x0000000035270000,0x00000000352f0000)]
  0x0000000031a95400 JavaThread "Timer-3" daemon [_thread_blocked, id=5012, stack(0x0000000035170000,0x00000000351f0000)]
  0x0000000031a95000 JavaThread "Prefs Updater" daemon [_thread_blocked, id=4376, stack(0x00000000350f0000,0x0000000035170000)]
  0x0000000031a94000 JavaThread "Timer-1" [_thread_blocked, id=4772, stack(0x0000000032d60000,0x0000000032de0000)]
  0x0000000031a93800 JavaThread "TimerQueue" daemon [_thread_blocked, id=5644, stack(0x0000000032b70000,0x0000000032bf0000)]
  0x0000000030fa7c00 JavaThread "AWT-EventQueue-0" [_thread_blocked, id=5824, stack(0x0000000032af0000,0x0000000032b70000)]
  0x0000000030dd5c00 JavaThread "AWT-Windows" daemon [_thread_in_native, id=5140, stack(0x00000000311f0000,0x0000000031270000)]
  0x0000000030dd5400 JavaThread "AWT-Shutdown" [_thread_blocked, id=1752, stack(0x0000000031170000,0x00000000311f0000)]
  0x0000000030dd5000 JavaThread "Java2D Disposer" daemon [_thread_blocked, id=5984, stack(0x00000000310f0000,0x0000000031170000)]
  0x0000000030463800 JavaThread "Timer-0" [_thread_blocked, id=5856, stack(0x00000000307b0000,0x0000000030830000)]
  0x0000000030490400 JavaThread "JMI Unnamed Thread" [_thread_in_native, id=6036, stack(0x0000000009240000,0x000000000a240000)]
  0x000000002b4d0800 JavaThread "Low Memory Detector" daemon [_thread_blocked, id=2028, stack(0x000000002f330000,0x000000002f3b0000)]
  0x000000002b4cd400 JavaThread "CompilerThread1" daemon [_thread_blocked, id=5208, stack(0x000000002e330000,0x000000002f330000)]
  0x000000002b4c4400 JavaThread "CompilerThread0" daemon [_thread_blocked, id=2096, stack(0x000000002d330000,0x000000002e330000)]
  0x000000002b4c3400 JavaThread "Attach Listener" daemon [_thread_blocked, id=5932, stack(0x000000002b2e0000,0x000000002b360000)]
  0x00000000016ee800 JavaThread "Finalizer" daemon [_thread_blocked, id=5636, stack(0x000000002b260000,0x000000002b2e0000)]
  0x00000000016edc00 JavaThread "Reference Handler" daemon [_thread_blocked, id=2432, stack(0x000000002b170000,0x000000002b1f0000)]
=>0x0000000001636800 JavaThread "main" [_thread_in_native, id=1668, stack(0x0000000000030000,0x0000000001030000)]

Other Threads:
  0x00000000016ecc00 VMThread [stack: 0x000000002c330000,0x000000002d330000] [id=5240]
  0x000000000163e800 WatcherThread [stack: 0x000000002f3b0000,0x00000000303b0000] [id=2908]

VM state:not at safepoint (normal execution)

VM Mutex/Monitor currently owned by a thread: None

Heap
 PSYoungGen      total 24320K, used 15734K [0x0000000023b00000, 0x0000000025a00000, 0x0000000026c00000)
  eden space 17536K, 81% used [0x0000000023b00000,0x0000000024907c58,0x0000000024c20000)
  from space 6784K, 20% used [0x0000000025360000,0x00000000254b5d28,0x0000000025a00000)
  to   space 7104K, 0% used [0x0000000024c20000,0x0000000024c20000,0x0000000025310000)
 PSOldGen        total 91584K, used 61411K [0x000000001a800000, 0x0000000020170000, 0x0000000023b00000)
  object space 91584K, 67% used [0x000000001a800000,0x000000001e3f8cd8,0x0000000020170000)
 PSPermGen       total 109632K, used 55542K [0x0000000012800000, 0x0000000019310000, 0x000000001a800000)
  object space 109632K, 50% used [0x0000000012800000,0x0000000015e3d908,0x0000000019310000)

Dynamic libraries:
0x0000000140000000 - 0x000000014002a000 	C:\Program Files\MATLAB\R2010a\bin\win64\MATLAB.exe
0x0000000077c80000 - 0x0000000077e29000 	C:\Windows\SYSTEM32\ntdll.dll
0x0000000077b60000 - 0x0000000077c7f000 	C:\Windows\system32\kernel32.dll
0x000007fefdf30000 - 0x000007fefdf9c000 	C:\Windows\system32\KERNELBASE.dll
0x000000007ce80000 - 0x000000007cf96000 	C:\Program Files\MATLAB\R2010a\bin\win64\libut.dll
0x000007fefff70000 - 0x000007fefff87000 	C:\Windows\system32\imagehlp.dll
0x000007feff830000 - 0x000007feff8cf000 	C:\Windows\system32\msvcrt.dll
0x0000000077e40000 - 0x0000000077e47000 	C:\Windows\system32\PSAPI.DLL
0x000000007d660000 - 0x000000007d688000 	C:\Program Files\MATLAB\R2010a\bin\win64\LIBEXPAT.dll
0x0000000074f40000 - 0x0000000075009000 	C:\Windows\WinSxS\amd64_microsoft.vc80.crt_1fc8b3b9a1e18e3b_8.0.50727.6195_none_88e41e092fab0294\MSVCR80.dll
0x000000007d380000 - 0x000000007d4ac000 	C:\Program Files\MATLAB\R2010a\bin\win64\icuuc40.dll
0x000007fefe450000 - 0x000007fefe52b000 	C:\Windows\system32\ADVAPI32.dll
0x000007feff4c0000 - 0x000007feff4df000 	C:\Windows\SYSTEM32\sechost.dll
0x000007fefdfd0000 - 0x000007fefe0fd000 	C:\Windows\system32\RPCRT4.dll
0x000000007c8b0000 - 0x000000007c8b3000 	C:\Program Files\MATLAB\R2010a\bin\win64\icudt40.dll
0x000000007c8c0000 - 0x000000007c8d0000 	C:\Program Files\MATLAB\R2010a\bin\win64\icuio40.dll
0x000000007cb00000 - 0x000000007cc53000 	C:\Program Files\MATLAB\R2010a\bin\win64\icuin40.dll
0x0000000071ef0000 - 0x0000000071ff9000 	C:\Windows\WinSxS\amd64_microsoft.vc80.crt_1fc8b3b9a1e18e3b_8.0.50727.6195_none_88e41e092fab0294\MSVCP80.dll
0x0000000077a60000 - 0x0000000077b5a000 	C:\Windows\system32\USER32.dll
0x000007feffa50000 - 0x000007feffab7000 	C:\Windows\system32\GDI32.dll
0x000007fefe360000 - 0x000007fefe36e000 	C:\Windows\system32\LPK.dll
0x000007feff6c0000 - 0x000007feff789000 	C:\Windows\system32\USP10.dll
0x0000000078930000 - 0x0000000078a4e000 	C:\Program Files\MATLAB\R2010a\bin\win64\libmwfl.dll
0x00000000788c0000 - 0x00000000788fe000 	C:\Program Files\MATLAB\R2010a\bin\win64\tbb.dll
0x000000007e960000 - 0x000000007e96f000 	C:\Program Files\MATLAB\R2010a\bin\win64\boost_date_time-vc80-mt-1_36.dll
0x000000007ebf0000 - 0x000000007ec0d000 	C:\Program Files\MATLAB\R2010a\bin\win64\boost_filesystem-vc80-mt-1_36.dll
0x000000007dbd0000 - 0x000000007dbd9000 	C:\Program Files\MATLAB\R2010a\bin\win64\boost_system-vc80-mt-1_36.dll
0x000000007e940000 - 0x000000007e956000 	C:\Program Files\MATLAB\R2010a\bin\win64\boost_signals-vc80-mt-1_36.dll
0x000000007c890000 - 0x000000007c8a1000 	C:\Program Files\MATLAB\R2010a\bin\win64\boost_thread-vc80-mt-1_36.dll
0x000000007d010000 - 0x000000007d298000 	C:\Program Files\MATLAB\R2010a\bin\win64\libmwservices.dll
0x000000007cfa0000 - 0x000000007d00d000 	C:\Program Files\MATLAB\R2010a\bin\win64\libmx.dll
0x00000000792b0000 - 0x00000000792c7000 	C:\Program Files\MATLAB\R2010a\bin\win64\zlib1.dll
0x000000007d2a0000 - 0x000000007d37c000 	C:\Program Files\MATLAB\R2010a\bin\win64\libmwmathutil.dll
0x000000007a9b0000 - 0x000000007aa0e000 	C:\Program Files\MATLAB\R2010a\bin\win64\mpath.dll
0x000000007d690000 - 0x000000007d812000 	C:\Program Files\MATLAB\R2010a\bin\win64\mlutil.dll
0x000000007e860000 - 0x000000007e8ec000 	C:\Program Files\MATLAB\R2010a\bin\win64\xmlcore.dll
0x000000007a320000 - 0x000000007a5b5000 	C:\Program Files\MATLAB\R2010a\bin\win64\xerces-c_2_7.dll
0x000007feffdf0000 - 0x000007feffe3d000 	C:\Windows\system32\WS2_32.dll
0x000007feffde0000 - 0x000007feffde8000 	C:\Windows\system32\NSI.dll
0x000007fefe730000 - 0x000007feff4b8000 	C:\Windows\system32\SHELL32.dll
0x000007fefe5d0000 - 0x000007fefe641000 	C:\Windows\system32\SHLWAPI.dll
0x000007fefa140000 - 0x000007fefa1e0000 	C:\Windows\WinSxS\amd64_microsoft.windows.common-controls_6595b64144ccf1df_5.82.7601.17514_none_a4d6a923711520a9\COMCTL32.dll
0x000007feff790000 - 0x000007feff827000 	C:\Windows\system32\comdlg32.dll
0x000007fefcfc0000 - 0x000007fefcfd6000 	C:\Windows\system32\NETAPI32.dll
0x000007fefcfb0000 - 0x000007fefcfbc000 	C:\Windows\system32\netutils.dll
0x000007fefd810000 - 0x000007fefd833000 	C:\Windows\system32\srvcli.dll
0x000007fefcf90000 - 0x000007fefcfa5000 	C:\Windows\system32\wkscli.dll
0x000000007ad90000 - 0x000000007ae2e000 	C:\Program Files\MATLAB\R2010a\bin\win64\mcr.dll
0x0000000001310000 - 0x0000000001335000 	C:\Program Files\MATLAB\R2010a\bin\win64\libmwi18n.dll
0x000000007c8d0000 - 0x000000007c983000 	C:\Program Files\MATLAB\R2010a\bin\win64\iqm.dll
0x000000007b500000 - 0x000000007bdb0000 	C:\Program Files\MATLAB\R2010a\bin\win64\m_interpreter.dll
0x000000007c9b0000 - 0x000000007c9c6000 	C:\Program Files\MATLAB\R2010a\bin\win64\libmex.dll
0x000000007abf0000 - 0x000000007aca4000 	C:\Program Files\MATLAB\R2010a\bin\win64\m_dispatcher.dll
0x000000007ead0000 - 0x000000007ebc1000 	C:\Program Files\MATLAB\R2010a\bin\win64\boost_regex-vc80-mt-1_36.dll
0x000000007aa90000 - 0x000000007ab27000 	C:\Program Files\MATLAB\R2010a\bin\win64\profiler.dll
0x000000007ca40000 - 0x000000007ca71000 	C:\Program Files\MATLAB\R2010a\bin\win64\libmwmathrng.dll
0x0000000079200000 - 0x000000007921a000 	C:\Program Files\MATLAB\R2010a\bin\win64\m_pcodeio.dll
0x000000007a960000 - 0x000000007a9ad000 	C:\Program Files\MATLAB\R2010a\bin\win64\m_ir.dll
0x000000007aef0000 - 0x000000007b4f1000 	C:\Program Files\MATLAB\R2010a\bin\win64\m_parser.dll
0x000000007c990000 - 0x000000007c9a4000 	C:\Program Files\MATLAB\R2010a\bin\win64\ir_xfmr.dll
0x0000000078a50000 - 0x0000000078d2f000 	C:\Program Files\MATLAB\R2010a\bin\win64\mcos.dll
0x000000007ca90000 - 0x000000007ca9c000 	C:\Program Files\MATLAB\R2010a\bin\win64\mtok.dll
0x00000000791d0000 - 0x00000000791f6000 	C:\Program Files\MATLAB\R2010a\bin\win64\m_pcodegen.dll
0x0000000001420000 - 0x0000000001472000 	C:\Program Files\MATLAB\R2010a\bin\win64\libmwspmatrix.dll
0x000007feee7f0000 - 0x000007feee915000 	C:\Windows\system32\dbghelp.dll
0x0000000001490000 - 0x00000000014bc000 	C:\Program Files\MATLAB\R2010a\bin\win64\libmwbridge.dll
0x000000007c4f0000 - 0x000000007c5b7000 	C:\Program Files\MATLAB\R2010a\bin\win64\udd.dll
0x000000007d4b0000 - 0x000000007d604000 	C:\Program Files\MATLAB\R2010a\bin\win64\libmwgui.dll
0x0000000079320000 - 0x0000000079acf000 	C:\Program Files\MATLAB\R2010a\bin\win64\hg.dll
0x0000000079100000 - 0x0000000079150000 	C:\Program Files\MATLAB\R2010a\bin\win64\libmat.dll
0x000000007cc60000 - 0x000000007ce7b000 	C:\Program Files\MATLAB\R2010a\bin\win64\libhdf5.dll
0x000000007a860000 - 0x000000007a8e3000 	C:\Program Files\MATLAB\R2010a\bin\win64\jmi.dll
0x000000007a790000 - 0x000000007a7d6000 	C:\Program Files\MATLAB\R2010a\bin\win64\libmwhardcopy.dll
0x000000007a8f0000 - 0x000000007a959000 	C:\Program Files\MATLAB\R2010a\bin\win64\libuij.dll
0x0000000078730000 - 0x00000000788b3000 	C:\Program Files\MATLAB\R2010a\bin\win64\hgdatatypes.dll
0x0000000078670000 - 0x0000000078721000 	C:\Program Files\MATLAB\R2010a\bin\win64\hgutils.dll
0x0000000079150000 - 0x00000000791cc000 	C:\Program Files\MATLAB\R2010a\bin\win64\libmwlapack.dll
0x000000007c9e0000 - 0x000000007c9f3000 	C:\Program Files\MATLAB\R2010a\bin\win64\libmwbinder.dll
0x000000007c5c0000 - 0x000000007c881000 	C:\Program Files\MATLAB\R2010a\bin\win64\uiw.dll
0x000000007caf0000 - 0x000000007cafa000 	C:\Program Files\MATLAB\R2010a\bin\win64\uinone.dll
0x0000000072230000 - 0x00000000723cc000 	C:\Windows\WinSxS\amd64_microsoft.vc80.mfc_1fc8b3b9a1e18e3b_8.0.50727.6195_none_8448b2bd328df189\MFC80.DLL
0x000007fefbb90000 - 0x000007fefbc01000 	C:\Windows\system32\WINSPOOL.DRV
0x000007feffbd0000 - 0x000007feffdd3000 	C:\Windows\system32\ole32.dll
0x000007fefe650000 - 0x000007fefe727000 	C:\Windows\system32\OLEAUT32.dll
0x000000007ae30000 - 0x000000007aee6000 	C:\Program Files\MATLAB\R2010a\bin\win64\udd_mi.dll
0x0000000079220000 - 0x000000007923f000 	C:\Program Files\MATLAB\R2010a\bin\win64\mwoles05.DLL
0x000000007aa10000 - 0x000000007aa82000 	C:\Program Files\MATLAB\R2010a\bin\win64\comcli.dll
0x000000006d830000 - 0x000000006d850000 	C:\Windows\WinSxS\amd64_microsoft.vc80.atl_1fc8b3b9a1e18e3b_8.0.50727.6195_none_8a1dd9552ed7f8d8\ATL80.DLL
0x000000007ca80000 - 0x000000007ca8e000 	C:\Program Files\MATLAB\R2010a\bin\win64\mlautoregister.dll
0x000007fefdfa0000 - 0x000007fefdfce000 	C:\Windows\system32\IMM32.DLL
0x000007feffac0000 - 0x000007feffbc9000 	C:\Windows\system32\MSCTF.dll
0x0000000071ee0000 - 0x0000000071eed000 	C:\Windows\WinSxS\amd64_microsoft.vc80.mfcloc_1fc8b3b9a1e18e3b_8.0.50727.6195_none_bc20f59b0bdd1acd\MFC80ENU.DLL
0x000007fefdbd0000 - 0x000007fefdbdf000 	C:\Windows\system32\profapi.dll
0x000007fefdb00000 - 0x000007fefdb0f000 	C:\Windows\system32\CRYPTBASE.dll
0x000007fefc4a0000 - 0x000007fefc4f6000 	C:\Windows\system32\uxtheme.dll
0x000007fefc680000 - 0x000007fefc874000 	C:\Windows\WinSxS\amd64_microsoft.windows.common-controls_6595b64144ccf1df_6.0.7601.17514_none_fa396087175ac9ac\comctl32.dll
0x000007feff4e0000 - 0x000007feff6b7000 	C:\Windows\system32\SETUPAPI.dll
0x000007fefddf0000 - 0x000007fefde26000 	C:\Windows\system32\CFGMGR32.dll
0x000007fefde70000 - 0x000007fefde8a000 	C:\Windows\system32\DEVOBJ.dll
0x000007fefe530000 - 0x000007fefe5c9000 	C:\Windows\system32\CLBCatQ.DLL
0x000007fefc500000 - 0x000007fefc62c000 	C:\Windows\system32\propsys.dll
0x000007fefbfa0000 - 0x000007fefbfcd000 	C:\Windows\system32\ntmarta.dll
0x000007fefe3f0000 - 0x000007fefe442000 	C:\Windows\system32\WLDAP32.dll
0x000007fefab80000 - 0x000007fefaba7000 	C:\Windows\system32\iphlpapi.dll
0x000007fefab70000 - 0x000007fefab7b000 	C:\Windows\system32\WINNSI.DLL
0x000007fefd2c0000 - 0x000007fefd31b000 	C:\Windows\system32\DNSAPI.dll
0x000007fefaa40000 - 0x000007fefaa58000 	C:\Windows\system32\dhcpcsvc.DLL
0x000007fefaa20000 - 0x000007fefaa31000 	C:\Windows\system32\dhcpcsvc6.DLL
0x0000000074ed0000 - 0x0000000074ed3000 	C:\Windows\system32\icmp.Dll
0x000000000f240000 - 0x000000000f7f8000 	C:\Program Files\MATLAB\R2010a\sys\java\jre\win64\jre\bin\server\jvm.dll
0x000007fef9d70000 - 0x000007fef9dab000 	C:\Windows\system32\WINMM.dll
0x000007fefbdb0000 - 0x000007fefbdc8000 	C:\Windows\system32\dwmapi.dll
0x000000007aba0000 - 0x000000007abaa000 	C:\Program Files\MATLAB\R2010a\sys\java\jre\win64\jre\bin\hpi.dll
0x000000007abc0000 - 0x000000007abce000 	C:\Program Files\MATLAB\R2010a\sys\java\jre\win64\jre\bin\verify.dll
0x00000000792d0000 - 0x00000000792f7000 	C:\Program Files\MATLAB\R2010a\sys\java\jre\win64\jre\bin\java.dll
0x000000007abd0000 - 0x000000007abe2000 	C:\Program Files\MATLAB\R2010a\sys\java\jre\win64\jre\bin\zip.dll
0x000000002b000000 - 0x000000002b065000 	C:\Program Files\WIDCOMM\Bluetooth Software\btmmhook.dll
0x0000000079240000 - 0x000000007926b000 	C:\Program Files\MATLAB\R2010a\bin\win64\nativejava.dll
0x000007fef9e40000 - 0x000007fef9e58000 	C:\Windows\system32\MPR.dll
0x0000000079270000 - 0x00000000792a7000 	C:\Program Files\MATLAB\R2010a\bin\win64\nativejmi.dll
0x000000007cae0000 - 0x000000007caed000 	C:\Program Files\MATLAB\R2010a\bin\win64\nativeservices.dll
0x000000007a5c0000 - 0x000000007a782000 	C:\Program Files\MATLAB\R2010a\sys\java\jre\win64\jre\bin\awt.dll
0x000000007acb0000 - 0x000000007ad1b000 	C:\Program Files\MATLAB\R2010a\sys\java\jre\win64\jre\bin\fontmanager.dll
0x0000000079300000 - 0x0000000079317000 	C:\Program Files\MATLAB\R2010a\sys\java\jre\win64\jre\bin\net.dll
0x000007fefd440000 - 0x000007fefd495000 	C:\Windows\system32\mswsock.dll
0x000007fefd430000 - 0x000007fefd437000 	C:\Windows\System32\wship6.dll
0x000000007abb0000 - 0x000000007abbb000 	C:\Program Files\MATLAB\R2010a\sys\java\jre\win64\jre\bin\nio.dll
0x0000000078300000 - 0x0000000078310000 	C:\Program Files\MATLAB\R2010a\bin\win64\nativelmgr.dll

VM Arguments:
jvm_args: -Xss512k -XX:PermSize=32m -Xms64m -XX:NewRatio=3 -XX:MaxPermSize=128m -Xmx196m -XX:MaxDirectMemorySize=2147400000 -Dsun.java2d.noddraw=true -Dsun.awt.nopixfmt=true -Xshare:off -Xrs -Djava.library.path=C:\Program Files\MATLAB\R2010a\bin\win64 vfprintf abort 
java_command: <unknown>
Launcher Type: generic

Environment Variables:
CLASSPATH=.;C:\Program Files (x86)\Java\jre6\lib\ext\QTJava.zip
PATH=C:\Program Files\Common Files\Microsoft Shared\Windows Live;C:\Program Files (x86)\Common Files\Microsoft Shared\Windows Live;C:\Windows\system32;C:\Windows;C:\Windows\System32\Wbem;C:\Windows\System32\WindowsPowerShell\v1.0\;c:\Program Files\WIDCOMM\Bluetooth Software\;c:\Program Files\WIDCOMM\Bluetooth Software\syswow64;C:\Program Files\Intel\WiFi\bin\;C:\Program Files\Common Files\Intel\WirelessCommon\;C:\Program Files (x86)\Windows Live\Shared;C:\Program Files (x86)\Common Files\Roxio Shared\DLLShared\;C:\Program Files (x86)\Common Files\Roxio Shared\OEM\DLLShared\;C:\Program Files (x86)\Common Files\Roxio Shared\OEM\DLLShared\;C:\Program Files (x86)\Common Files\Roxio Shared\OEM\12.0\DLLShared\;C:\Program Files (x86)\Roxio\OEM\AudioCore\;C:\Program Files (x86)\QuickTime\QTSystem\;C:\Program Files\MATLAB\R2010a\runtime\win64;C:\Program Files\MATLAB\R2010a\bin
USERNAME=suraj
OS=Windows_NT
PROCESSOR_IDENTIFIER=Intel64 Family 6 Model 37 Stepping 5, GenuineIntel



---------------  S Y S T E M  ---------------

OS: Windows NT 6.1 Build 7601 Service Pack 1

CPU:total 4 (8 cores per cpu, 2 threads per core) family 6 model 5 stepping 5, cmov, cx8, fxsr, mmx, sse, sse2, sse3, ssse3, ht

Memory: 4k page, physical 3002904k(1331236k free), swap 6003960k(3408416k free)

vm_info: Java HotSpot(TM) 64-Bit Server VM (11.2-b01) for windows-amd64 JRE (1.6.0_12-b04), built on Jan 17 2009 01:49:05 by "java_re" with MS VC++ 8.0

time: Sun Feb 26 19:08:53 2012
elapsed time: 1533 seconds

